\BOOKMARK [1][-]{Abstract.1}{Abstract}{}% 1
\BOOKMARK [1][-]{Zusammenfassung.1}{Zusammenfassung}{}% 2
\BOOKMARK [1][-]{acknowledgments.1}{Acknowledgments}{}% 3
\BOOKMARK [1][-]{tableofcontents.1}{Contents}{}% 4
\BOOKMARK [1][-]{acronyms.1}{Acronyms}{}% 5
\BOOKMARK [0][]{chapter.1}{1 Einleitung}{}% 6
\BOOKMARK [1][-]{section.1.1}{1.1 Motivation}{chapter.1}% 7
\BOOKMARK [1][-]{section.1.2}{1.2 Low bandwith networks}{chapter.1}% 8
\BOOKMARK [2][-]{subsection.1.2.1}{1.2.1 Educational networks}{section.1.2}% 9
\BOOKMARK [2][-]{subsection.1.2.2}{1.2.2 Corporate networks}{section.1.2}% 10
\BOOKMARK [1][-]{section.1.3}{1.3 Project Schul-Cloud}{chapter.1}% 11
\BOOKMARK [1][-]{section.1.4}{1.4 Goals}{chapter.1}% 12
\BOOKMARK [2][-]{subsection.1.4.1}{1.4.1 Research question}{section.1.4}% 13
\BOOKMARK [0][]{chapter.2}{2 Related Work}{}% 14
\BOOKMARK [1][-]{section.2.1}{2.1 CDNs}{chapter.2}% 15
\BOOKMARK [2][-]{subsection.2.1.1}{2.1.1 Server based CDNs}{section.2.1}% 16
\BOOKMARK [2][-]{subsection.2.1.2}{2.1.2 Peer to Peer CDNs}{section.2.1}% 17
\BOOKMARK [2][-]{subsection.2.1.3}{2.1.3 Hyrid CDNs}{section.2.1}% 18
\BOOKMARK [1][-]{section.2.2}{2.2 Distributed caches}{chapter.2}% 19
\BOOKMARK [1][-]{section.2.3}{2.3 Client peering approaches}{chapter.2}% 20
\BOOKMARK [0][]{chapter.3}{3 Concepts}{}% 21
\BOOKMARK [1][-]{section.3.1}{3.1 Webrtc}{chapter.3}% 22
\BOOKMARK [2][-]{subsection.3.1.1}{3.1.1 Channels}{section.3.1}% 23
\BOOKMARK [2][-]{subsection.3.1.2}{3.1.2 Singaling}{section.3.1}% 24
\BOOKMARK [2][-]{subsection.3.1.3}{3.1.3 SDP}{section.3.1}% 25
\BOOKMARK [2][-]{subsection.3.1.4}{3.1.4 Stun}{section.3.1}% 26
\BOOKMARK [2][-]{subsection.3.1.5}{3.1.5 ICE}{section.3.1}% 27
\BOOKMARK [1][-]{section.3.2}{3.2 Service Worker}{chapter.3}% 28
\BOOKMARK [1][-]{section.3.3}{3.3 Resource loading}{chapter.3}% 29
\BOOKMARK [0][]{chapter.4}{4 Implementation}{}% 30
\BOOKMARK [1][-]{section.4.1}{4.1 Koncept}{chapter.4}% 31
\BOOKMARK [1][-]{section.4.2}{4.2 Architectur}{chapter.4}% 32
\BOOKMARK [1][-]{section.4.3}{4.3 Message protocol}{chapter.4}% 33
\BOOKMARK [1][-]{section.4.4}{4.4 Data serialization}{chapter.4}% 34
\BOOKMARK [1][-]{section.4.5}{4.5 Reusability}{chapter.4}% 35
\BOOKMARK [0][]{chapter.5}{5 Evaluation}{}% 36
\BOOKMARK [1][-]{section.5.1}{5.1 Prequisites}{chapter.5}% 37
\BOOKMARK [1][-]{section.5.2}{5.2 Techincal evaluation}{chapter.5}% 38
\BOOKMARK [2][-]{subsection.5.2.1}{5.2.1 Bandwidth}{section.5.2}% 39
\BOOKMARK [1][-]{section.5.3}{5.3 Browser compatbility}{chapter.5}% 40
\BOOKMARK [2][-]{subsection.5.3.1}{5.3.1 Browser Usage in coropate networks}{section.5.3}% 41
\BOOKMARK [2][-]{subsection.5.3.2}{5.3.2 Browser usage in eduational networks}{section.5.3}% 42
\BOOKMARK [1][-]{section.5.4}{5.4 Security considerations}{chapter.5}% 43
\BOOKMARK [1][-]{section.5.5}{5.5 DRM licencing}{chapter.5}% 44
\BOOKMARK [0][]{chapter.6}{6 Conclusion}{}% 45
\BOOKMARK [0][]{appendix.A}{A An Appendix}{}% 46
\BOOKMARK [0][]{dummy.3}{Bibliography}{}% 47
\BOOKMARK [0][]{dummy.4}{List of Figures}{}% 48
\BOOKMARK [0][]{dummy.5}{List of Tables}{}% 49
\BOOKMARK [0][]{dummy.6}{List of Listings}{}% 50
\BOOKMARK [0][]{declaration.0}{Declaration of Originality}{}% 51
