\BOOKMARK [1][-]{Abstract.1}{Abstract}{}% 1
\BOOKMARK [1][-]{Zusammenfassung.1}{Zusammenfassung}{}% 2
\BOOKMARK [1][-]{acknowledgments.1}{Acknowledgments}{}% 3
\BOOKMARK [1][-]{tableofcontents.1}{Contents}{}% 4
\BOOKMARK [1][-]{acronyms.1}{Acronyms}{}% 5
\BOOKMARK [0][]{chapter.1}{1 Einleitung}{}% 6
\BOOKMARK [1][-]{section.1.1}{1.1 Motivation}{chapter.1}% 7
\BOOKMARK [1][-]{section.1.2}{1.2 Low bandwith networks}{chapter.1}% 8
\BOOKMARK [2][-]{subsection.1.2.1}{1.2.1 Educational networks}{section.1.2}% 9
\BOOKMARK [2][-]{subsection.1.2.2}{1.2.2 Corporate networks}{section.1.2}% 10
\BOOKMARK [1][-]{section.1.3}{1.3 Projekt Schul-Cloud}{chapter.1}% 11
\BOOKMARK [1][-]{section.1.4}{1.4 Slidesync}{chapter.1}% 12
\BOOKMARK [1][-]{section.1.5}{1.5 Ziele}{chapter.1}% 13
\BOOKMARK [2][-]{subsection.1.5.1}{1.5.1 Forschungsfrage}{section.1.5}% 14
\BOOKMARK [1][-]{section.1.6}{1.6 }{chapter.1}% 15
\BOOKMARK [0][]{chapter.2}{2 Abgrenzung}{}% 16
\BOOKMARK [1][-]{section.2.1}{2.1 Annahmen}{chapter.2}% 17
\BOOKMARK [1][-]{section.2.2}{2.2 Technologische Abgrenzung}{chapter.2}% 18
\BOOKMARK [0][]{chapter.3}{3 Grundlagen}{}% 19
\BOOKMARK [1][-]{section.3.1}{3.1 Statische Ressourcen}{chapter.3}% 20
\BOOKMARK [1][-]{section.3.2}{3.2 CDN}{chapter.3}% 21
\BOOKMARK [2][-]{subsection.3.2.1}{3.2.1 Infrastruktur basierte CDNs}{section.3.2}% 22
\BOOKMARK [2][-]{subsection.3.2.2}{3.2.2 Peer To Peer basierte CDNs}{section.3.2}% 23
\BOOKMARK [2][-]{subsection.3.2.3}{3.2.3 Hyrid CDNs}{section.3.2}% 24
\BOOKMARK [1][-]{section.3.3}{3.3 Webrtc- Web Real-Time Communication}{chapter.3}% 25
\BOOKMARK [2][-]{subsection.3.3.1}{3.3.1 RTCPeerConnection}{section.3.3}% 26
\BOOKMARK [2][-]{subsection.3.3.2}{3.3.2 RTCDataChannel}{section.3.3}% 27
\BOOKMARK [2][-]{subsection.3.3.3}{3.3.3 MediaStream}{section.3.3}% 28
\BOOKMARK [2][-]{subsection.3.3.4}{3.3.4 Singaling}{section.3.3}% 29
\BOOKMARK [2][-]{subsection.3.3.5}{3.3.5 SDP}{section.3.3}% 30
\BOOKMARK [2][-]{subsection.3.3.6}{3.3.6 TURN Server}{section.3.3}% 31
\BOOKMARK [2][-]{subsection.3.3.7}{3.3.7 STUN Server - Simple Traversal of User Datagram Protocol [UDP] Through Network Address Translators}{section.3.3}% 32
\BOOKMARK [2][-]{subsection.3.3.8}{3.3.8 ICE}{section.3.3}% 33
\BOOKMARK [1][-]{section.3.4}{3.4 DataCache}{chapter.3}% 34
\BOOKMARK [1][-]{section.3.5}{3.5 IndexedDB}{chapter.3}% 35
\BOOKMARK [1][-]{section.3.6}{3.6 Service Worker}{chapter.3}% 36
\BOOKMARK [2][-]{subsection.3.6.1}{3.6.1 Lebenszyklus}{section.3.6}% 37
\BOOKMARK [1][-]{section.3.7}{3.7 Websockets}{chapter.3}% 38
\BOOKMARK [1][-]{section.3.8}{3.8 Distributed caches}{chapter.3}% 39
\BOOKMARK [0][]{chapter.4}{4 Konzept}{}% 40
\BOOKMARK [1][-]{section.4.1}{4.1 Mesh Zuordnung - Verbinden von Peers}{chapter.4}% 41
\BOOKMARK [2][-]{subsection.4.1.1}{4.1.1 Schul-Cloud}{section.4.1}% 42
\BOOKMARK [2][-]{subsection.4.1.2}{4.1.2 Slidesync}{section.4.1}% 43
\BOOKMARK [1][-]{section.4.2}{4.2 Objekt Zuordnung - finden von Ressourcen}{chapter.4}% 44
\BOOKMARK [2][-]{subsection.4.2.1}{4.2.1 Subnetzerkennung}{section.4.2}% 45
\BOOKMARK [2][-]{subsection.4.2.2}{4.2.2 \040Struktur von IP Adressen}{section.4.2}% 46
\BOOKMARK [1][-]{section.4.3}{4.3 Wiederverwendbarkeit}{chapter.4}% 47
\BOOKMARK [1][-]{section.4.4}{4.4 Open Source}{chapter.4}% 48
\BOOKMARK [0][]{chapter.5}{5 Implementierung}{}% 49
\BOOKMARK [1][-]{section.5.1}{5.1 Architectur}{chapter.5}% 50
\BOOKMARK [2][-]{subsection.5.1.1}{5.1.1 Service worker}{section.5.1}% 51
\BOOKMARK [2][-]{subsection.5.1.2}{5.1.2 Tests}{section.5.1}% 52
\BOOKMARK [1][-]{section.5.2}{5.2 Ressourcen Management}{chapter.5}% 53
\BOOKMARK [2][-]{subsection.5.2.1}{5.2.1 Update Protokoll}{section.5.2}% 54
\BOOKMARK [2][-]{subsection.5.2.2}{5.2.2 Quota limits}{section.5.2}% 55
\BOOKMARK [1][-]{section.5.3}{5.3 Signaling Server}{chapter.5}% 56
\BOOKMARK [1][-]{section.5.4}{5.4 Message protocol}{chapter.5}% 57
\BOOKMARK [2][-]{subsection.5.4.1}{5.4.1 hash updates}{section.5.4}% 58
\BOOKMARK [1][-]{section.5.5}{5.5 Data serialization}{chapter.5}% 59
\BOOKMARK [1][-]{section.5.6}{5.6 Mesh Zuordnung}{chapter.5}% 60
\BOOKMARK [1][-]{section.5.7}{5.7 Reusability}{chapter.5}% 61
\BOOKMARK [1][-]{section.5.8}{5.8 System Test}{chapter.5}% 62
\BOOKMARK [1][-]{section.5.9}{5.9 Storage quotas}{chapter.5}% 63
\BOOKMARK [1][-]{section.5.10}{5.10 Resource loading}{chapter.5}% 64
\BOOKMARK [0][]{chapter.6}{6 Evaluation}{}% 65
\BOOKMARK [1][-]{section.6.1}{6.1 Prequisites}{chapter.6}% 66
\BOOKMARK [1][-]{section.6.2}{6.2 Techincal evaluation}{chapter.6}% 67
\BOOKMARK [2][-]{subsection.6.2.1}{6.2.1 Bandwidth}{section.6.2}% 68
\BOOKMARK [2][-]{subsection.6.2.2}{6.2.2 Nutzerzufriedenheit}{section.6.2}% 69
\BOOKMARK [1][-]{section.6.3}{6.3 Browser compatbility}{chapter.6}% 70
\BOOKMARK [2][-]{subsection.6.3.1}{6.3.1 Browser Usage in coropate networks}{section.6.3}% 71
\BOOKMARK [2][-]{subsection.6.3.2}{6.3.2 Browser usage in eduational networks}{section.6.3}% 72
\BOOKMARK [1][-]{section.6.4}{6.4 Security considerations}{chapter.6}% 73
\BOOKMARK [1][-]{section.6.5}{6.5 DRM licencing}{chapter.6}% 74
\BOOKMARK [0][]{chapter.7}{7 Conclusion}{}% 75
\BOOKMARK [0][]{appendix.A}{A An Appendix}{}% 76
\BOOKMARK [0][]{dummy.3}{Bibliography}{}% 77
\BOOKMARK [0][]{dummy.4}{List of Figures}{}% 78
\BOOKMARK [0][]{dummy.5}{List of Tables}{}% 79
\BOOKMARK [0][]{dummy.6}{List of Listings}{}% 80
\BOOKMARK [0][]{declaration.0}{Declaration of Originality}{}% 81
